<?xml version="1.0" encoding="UTF-8"?>
<!-- Generated by org.testng.reporters.JUnitReportReporter -->
<testsuite hostname="DESKTOP-FUTS8TR" failures="0" tests="1" name="com.thinkbridge.testcases.ThinkBridgeTest" time="20.634" errors="0" timestamp="2021-02-06T15:54:16 IST" skipped="0">
  <testcase classname="com.thinkbridge.testcases.ThinkBridgeTest" name="ThinkBridgePage" time="20.634"/>
  <system-out/>
</testsuite> <!-- com.thinkbridge.testcases.ThinkBridgeTest -->
